<?xml version="1.0" encoding="UTF-8"?>
<testsuite xmlns:xsi="http://www.w3.org/2001/XMLSchema-instance" xsi:noNamespaceSchemaLocation="https://maven.apache.org/surefire/maven-surefire-plugin/xsd/surefire-test-report.xsd" name="com.example.tiliaswebmanagement.TiliasWebManagementApplicationTests" time="4.482" tests="3" errors="1" skipped="0" failures="0">
  <properties>
    <property name="sun.desktop" value="windows"/>
    <property name="awt.toolkit" value="sun.awt.windows.WToolkit"/>
    <property name="java.specification.version" value="11"/>
    <property name="sun.cpu.isalist" value="amd64"/>
    <property name="sun.jnu.encoding" value="GBK"/>
    <property name="java.class.path" value="D:\javaweb\资料\day10-SpringBootWeb案例\day10-SpringBootWeb案例\代码\tlias-web-management\01\target\test-classes;D:\javaweb\资料\day10-SpringBootWeb案例\day10-SpringBootWeb案例\代码\tlias-web-management\01\target\classes;D:\javaweb\apache-maven-3.6.1-bin\apache-maven-3.6.1\mve_repo\org\springframework\boot\spring-boot-starter-web\2.7.10\spring-boot-starter-web-2.7.10.jar;D:\javaweb\apache-maven-3.6.1-bin\apache-maven-3.6.1\mve_repo\org\springframework\boot\spring-boot-starter\2.7.10\spring-boot-starter-2.7.10.jar;D:\javaweb\apache-maven-3.6.1-bin\apache-maven-3.6.1\mve_repo\org\springframework\boot\spring-boot\2.7.10\spring-boot-2.7.10.jar;D:\javaweb\apache-maven-3.6.1-bin\apache-maven-3.6.1\mve_repo\org\springframework\boot\spring-boot-autoconfigure\2.7.10\spring-boot-autoconfigure-2.7.10.jar;D:\javaweb\apache-maven-3.6.1-bin\apache-maven-3.6.1\mve_repo\org\springframework\boot\spring-boot-starter-logging\2.7.10\spring-boot-starter-logging-2.7.10.jar;D:\javaweb\apache-maven-3.6.1-bin\apache-maven-3.6.1\mve_repo\ch\qos\logback\logback-classic\1.2.11\logback-classic-1.2.11.jar;D:\javaweb\apache-maven-3.6.1-bin\apache-maven-3.6.1\mve_repo\ch\qos\logback\logback-core\1.2.11\logback-core-1.2.11.jar;D:\javaweb\apache-maven-3.6.1-bin\apache-maven-3.6.1\mve_repo\org\apache\logging\log4j\log4j-to-slf4j\2.17.2\log4j-to-slf4j-2.17.2.jar;D:\javaweb\apache-maven-3.6.1-bin\apache-maven-3.6.1\mve_repo\org\apache\logging\log4j\log4j-api\2.17.2\log4j-api-2.17.2.jar;D:\javaweb\apache-maven-3.6.1-bin\apache-maven-3.6.1\mve_repo\org\slf4j\jul-to-slf4j\1.7.36\jul-to-slf4j-1.7.36.jar;D:\javaweb\apache-maven-3.6.1-bin\apache-maven-3.6.1\mve_repo\jakarta\annotation\jakarta.annotation-api\1.3.5\jakarta.annotation-api-1.3.5.jar;D:\javaweb\apache-maven-3.6.1-bin\apache-maven-3.6.1\mve_repo\org\yaml\snakeyaml\1.30\snakeyaml-1.30.jar;D:\javaweb\apache-maven-3.6.1-bin\apache-maven-3.6.1\mve_repo\org\springframework\boot\spring-boot-starter-json\2.7.10\spring-boot-starter-json-2.7.10.jar;D:\javaweb\apache-maven-3.6.1-bin\apache-maven-3.6.1\mve_repo\com\fasterxml\jackson\datatype\jackson-datatype-jdk8\2.13.5\jackson-datatype-jdk8-2.13.5.jar;D:\javaweb\apache-maven-3.6.1-bin\apache-maven-3.6.1\mve_repo\com\fasterxml\jackson\datatype\jackson-datatype-jsr310\2.13.5\jackson-datatype-jsr310-2.13.5.jar;D:\javaweb\apache-maven-3.6.1-bin\apache-maven-3.6.1\mve_repo\com\fasterxml\jackson\module\jackson-module-parameter-names\2.13.5\jackson-module-parameter-names-2.13.5.jar;D:\javaweb\apache-maven-3.6.1-bin\apache-maven-3.6.1\mve_repo\org\springframework\boot\spring-boot-starter-tomcat\2.7.10\spring-boot-starter-tomcat-2.7.10.jar;D:\javaweb\apache-maven-3.6.1-bin\apache-maven-3.6.1\mve_repo\org\apache\tomcat\embed\tomcat-embed-core\9.0.73\tomcat-embed-core-9.0.73.jar;D:\javaweb\apache-maven-3.6.1-bin\apache-maven-3.6.1\mve_repo\org\apache\tomcat\embed\tomcat-embed-el\9.0.73\tomcat-embed-el-9.0.73.jar;D:\javaweb\apache-maven-3.6.1-bin\apache-maven-3.6.1\mve_repo\org\apache\tomcat\embed\tomcat-embed-websocket\9.0.73\tomcat-embed-websocket-9.0.73.jar;D:\javaweb\apache-maven-3.6.1-bin\apache-maven-3.6.1\mve_repo\org\springframework\spring-web\5.3.26\spring-web-5.3.26.jar;D:\javaweb\apache-maven-3.6.1-bin\apache-maven-3.6.1\mve_repo\org\springframework\spring-beans\5.3.26\spring-beans-5.3.26.jar;D:\javaweb\apache-maven-3.6.1-bin\apache-maven-3.6.1\mve_repo\org\springframework\spring-webmvc\5.3.26\spring-webmvc-5.3.26.jar;D:\javaweb\apache-maven-3.6.1-bin\apache-maven-3.6.1\mve_repo\org\springframework\spring-context\5.3.26\spring-context-5.3.26.jar;D:\javaweb\apache-maven-3.6.1-bin\apache-maven-3.6.1\mve_repo\org\springframework\spring-expression\5.3.26\spring-expression-5.3.26.jar;D:\javaweb\apache-maven-3.6.1-bin\apache-maven-3.6.1\mve_repo\org\mybatis\spring\boot\mybatis-spring-boot-starter\2.3.0\mybatis-spring-boot-starter-2.3.0.jar;D:\javaweb\apache-maven-3.6.1-bin\apache-maven-3.6.1\mve_repo\org\springframework\boot\spring-boot-starter-jdbc\2.7.10\spring-boot-starter-jdbc-2.7.10.jar;D:\javaweb\apache-maven-3.6.1-bin\apache-maven-3.6.1\mve_repo\com\zaxxer\HikariCP\4.0.3\HikariCP-4.0.3.jar;D:\javaweb\apache-maven-3.6.1-bin\apache-maven-3.6.1\mve_repo\org\springframework\spring-jdbc\5.3.26\spring-jdbc-5.3.26.jar;D:\javaweb\apache-maven-3.6.1-bin\apache-maven-3.6.1\mve_repo\org\springframework\spring-tx\5.3.26\spring-tx-5.3.26.jar;D:\javaweb\apache-maven-3.6.1-bin\apache-maven-3.6.1\mve_repo\org\mybatis\spring\boot\mybatis-spring-boot-autoconfigure\2.3.0\mybatis-spring-boot-autoconfigure-2.3.0.jar;D:\javaweb\apache-maven-3.6.1-bin\apache-maven-3.6.1\mve_repo\org\mybatis\mybatis\3.5.11\mybatis-3.5.11.jar;D:\javaweb\apache-maven-3.6.1-bin\apache-maven-3.6.1\mve_repo\org\mybatis\mybatis-spring\2.1.0\mybatis-spring-2.1.0.jar;D:\javaweb\apache-maven-3.6.1-bin\apache-maven-3.6.1\mve_repo\com\mysql\mysql-connector-j\8.0.32\mysql-connector-j-8.0.32.jar;D:\javaweb\apache-maven-3.6.1-bin\apache-maven-3.6.1\mve_repo\org\projectlombok\lombok\1.18.26\lombok-1.18.26.jar;D:\javaweb\apache-maven-3.6.1-bin\apache-maven-3.6.1\mve_repo\org\springframework\boot\spring-boot-starter-test\2.7.10\spring-boot-starter-test-2.7.10.jar;D:\javaweb\apache-maven-3.6.1-bin\apache-maven-3.6.1\mve_repo\org\springframework\boot\spring-boot-test\2.7.10\spring-boot-test-2.7.10.jar;D:\javaweb\apache-maven-3.6.1-bin\apache-maven-3.6.1\mve_repo\org\springframework\boot\spring-boot-test-autoconfigure\2.7.10\spring-boot-test-autoconfigure-2.7.10.jar;D:\javaweb\apache-maven-3.6.1-bin\apache-maven-3.6.1\mve_repo\com\jayway\jsonpath\json-path\2.7.0\json-path-2.7.0.jar;D:\javaweb\apache-maven-3.6.1-bin\apache-maven-3.6.1\mve_repo\net\minidev\json-smart\2.4.10\json-smart-2.4.10.jar;D:\javaweb\apache-maven-3.6.1-bin\apache-maven-3.6.1\mve_repo\net\minidev\accessors-smart\2.4.9\accessors-smart-2.4.9.jar;D:\javaweb\apache-maven-3.6.1-bin\apache-maven-3.6.1\mve_repo\org\ow2\asm\asm\9.3\asm-9.3.jar;D:\javaweb\apache-maven-3.6.1-bin\apache-maven-3.6.1\mve_repo\org\slf4j\slf4j-api\1.7.36\slf4j-api-1.7.36.jar;D:\javaweb\apache-maven-3.6.1-bin\apache-maven-3.6.1\mve_repo\jakarta\xml\bind\jakarta.xml.bind-api\2.3.3\jakarta.xml.bind-api-2.3.3.jar;D:\javaweb\apache-maven-3.6.1-bin\apache-maven-3.6.1\mve_repo\jakarta\activation\jakarta.activation-api\1.2.2\jakarta.activation-api-1.2.2.jar;D:\javaweb\apache-maven-3.6.1-bin\apache-maven-3.6.1\mve_repo\org\assertj\assertj-core\3.22.0\assertj-core-3.22.0.jar;D:\javaweb\apache-maven-3.6.1-bin\apache-maven-3.6.1\mve_repo\org\hamcrest\hamcrest\2.2\hamcrest-2.2.jar;D:\javaweb\apache-maven-3.6.1-bin\apache-maven-3.6.1\mve_repo\org\junit\jupiter\junit-jupiter\5.8.2\junit-jupiter-5.8.2.jar;D:\javaweb\apache-maven-3.6.1-bin\apache-maven-3.6.1\mve_repo\org\junit\jupiter\junit-jupiter-api\5.8.2\junit-jupiter-api-5.8.2.jar;D:\javaweb\apache-maven-3.6.1-bin\apache-maven-3.6.1\mve_repo\org\opentest4j\opentest4j\1.2.0\opentest4j-1.2.0.jar;D:\javaweb\apache-maven-3.6.1-bin\apache-maven-3.6.1\mve_repo\org\junit\platform\junit-platform-commons\1.8.2\junit-platform-commons-1.8.2.jar;D:\javaweb\apache-maven-3.6.1-bin\apache-maven-3.6.1\mve_repo\org\apiguardian\apiguardian-api\1.1.2\apiguardian-api-1.1.2.jar;D:\javaweb\apache-maven-3.6.1-bin\apache-maven-3.6.1\mve_repo\org\junit\jupiter\junit-jupiter-params\5.8.2\junit-jupiter-params-5.8.2.jar;D:\javaweb\apache-maven-3.6.1-bin\apache-maven-3.6.1\mve_repo\org\junit\jupiter\junit-jupiter-engine\5.8.2\junit-jupiter-engine-5.8.2.jar;D:\javaweb\apache-maven-3.6.1-bin\apache-maven-3.6.1\mve_repo\org\junit\platform\junit-platform-engine\1.8.2\junit-platform-engine-1.8.2.jar;D:\javaweb\apache-maven-3.6.1-bin\apache-maven-3.6.1\mve_repo\org\mockito\mockito-core\4.5.1\mockito-core-4.5.1.jar;D:\javaweb\apache-maven-3.6.1-bin\apache-maven-3.6.1\mve_repo\net\bytebuddy\byte-buddy\1.12.23\byte-buddy-1.12.23.jar;D:\javaweb\apache-maven-3.6.1-bin\apache-maven-3.6.1\mve_repo\net\bytebuddy\byte-buddy-agent\1.12.23\byte-buddy-agent-1.12.23.jar;D:\javaweb\apache-maven-3.6.1-bin\apache-maven-3.6.1\mve_repo\org\objenesis\objenesis\3.2\objenesis-3.2.jar;D:\javaweb\apache-maven-3.6.1-bin\apache-maven-3.6.1\mve_repo\org\mockito\mockito-junit-jupiter\4.5.1\mockito-junit-jupiter-4.5.1.jar;D:\javaweb\apache-maven-3.6.1-bin\apache-maven-3.6.1\mve_repo\org\skyscreamer\jsonassert\1.5.1\jsonassert-1.5.1.jar;D:\javaweb\apache-maven-3.6.1-bin\apache-maven-3.6.1\mve_repo\com\vaadin\external\google\android-json\0.0.20131108.vaadin1\android-json-0.0.20131108.vaadin1.jar;D:\javaweb\apache-maven-3.6.1-bin\apache-maven-3.6.1\mve_repo\org\springframework\spring-core\5.3.26\spring-core-5.3.26.jar;D:\javaweb\apache-maven-3.6.1-bin\apache-maven-3.6.1\mve_repo\org\springframework\spring-jcl\5.3.26\spring-jcl-5.3.26.jar;D:\javaweb\apache-maven-3.6.1-bin\apache-maven-3.6.1\mve_repo\org\springframework\spring-test\5.3.26\spring-test-5.3.26.jar;D:\javaweb\apache-maven-3.6.1-bin\apache-maven-3.6.1\mve_repo\org\xmlunit\xmlunit-core\2.9.1\xmlunit-core-2.9.1.jar;D:\javaweb\apache-maven-3.6.1-bin\apache-maven-3.6.1\mve_repo\com\github\pagehelper\pagehelper-spring-boot-starter\1.4.2\pagehelper-spring-boot-starter-1.4.2.jar;D:\javaweb\apache-maven-3.6.1-bin\apache-maven-3.6.1\mve_repo\com\github\pagehelper\pagehelper-spring-boot-autoconfigure\1.4.2\pagehelper-spring-boot-autoconfigure-1.4.2.jar;D:\javaweb\apache-maven-3.6.1-bin\apache-maven-3.6.1\mve_repo\com\github\pagehelper\pagehelper\5.3.0\pagehelper-5.3.0.jar;D:\javaweb\apache-maven-3.6.1-bin\apache-maven-3.6.1\mve_repo\com\github\jsqlparser\jsqlparser\4.2\jsqlparser-4.2.jar;D:\javaweb\apache-maven-3.6.1-bin\apache-maven-3.6.1\mve_repo\com\aliyun\oss\aliyun-sdk-oss\3.15.1\aliyun-sdk-oss-3.15.1.jar;D:\javaweb\apache-maven-3.6.1-bin\apache-maven-3.6.1\mve_repo\org\apache\httpcomponents\httpclient\4.5.14\httpclient-4.5.14.jar;D:\javaweb\apache-maven-3.6.1-bin\apache-maven-3.6.1\mve_repo\org\apache\httpcomponents\httpcore\4.4.16\httpcore-4.4.16.jar;D:\javaweb\apache-maven-3.6.1-bin\apache-maven-3.6.1\mve_repo\commons-codec\commons-codec\1.15\commons-codec-1.15.jar;D:\javaweb\apache-maven-3.6.1-bin\apache-maven-3.6.1\mve_repo\org\jdom\jdom2\2.0.6.1\jdom2-2.0.6.1.jar;D:\javaweb\apache-maven-3.6.1-bin\apache-maven-3.6.1\mve_repo\org\codehaus\jettison\jettison\1.1\jettison-1.1.jar;D:\javaweb\apache-maven-3.6.1-bin\apache-maven-3.6.1\mve_repo\stax\stax-api\1.0.1\stax-api-1.0.1.jar;D:\javaweb\apache-maven-3.6.1-bin\apache-maven-3.6.1\mve_repo\com\aliyun\aliyun-java-sdk-core\4.5.10\aliyun-java-sdk-core-4.5.10.jar;D:\javaweb\apache-maven-3.6.1-bin\apache-maven-3.6.1\mve_repo\com\google\code\gson\gson\2.9.1\gson-2.9.1.jar;D:\javaweb\apache-maven-3.6.1-bin\apache-maven-3.6.1\mve_repo\commons-logging\commons-logging\1.2\commons-logging-1.2.jar;D:\javaweb\apache-maven-3.6.1-bin\apache-maven-3.6.1\mve_repo\org\jacoco\org.jacoco.agent\0.8.5\org.jacoco.agent-0.8.5-runtime.jar;D:\javaweb\apache-maven-3.6.1-bin\apache-maven-3.6.1\mve_repo\org\ini4j\ini4j\0.5.4\ini4j-0.5.4.jar;D:\javaweb\apache-maven-3.6.1-bin\apache-maven-3.6.1\mve_repo\io\opentracing\opentracing-api\0.33.0\opentracing-api-0.33.0.jar;D:\javaweb\apache-maven-3.6.1-bin\apache-maven-3.6.1\mve_repo\io\opentracing\opentracing-util\0.33.0\opentracing-util-0.33.0.jar;D:\javaweb\apache-maven-3.6.1-bin\apache-maven-3.6.1\mve_repo\io\opentracing\opentracing-noop\0.33.0\opentracing-noop-0.33.0.jar;D:\javaweb\apache-maven-3.6.1-bin\apache-maven-3.6.1\mve_repo\com\aliyun\aliyun-java-sdk-ram\3.1.0\aliyun-java-sdk-ram-3.1.0.jar;D:\javaweb\apache-maven-3.6.1-bin\apache-maven-3.6.1\mve_repo\com\aliyun\aliyun-java-sdk-kms\2.11.0\aliyun-java-sdk-kms-2.11.0.jar;D:\javaweb\apache-maven-3.6.1-bin\apache-maven-3.6.1\mve_repo\javax\xml\bind\jaxb-api\2.3.1\jaxb-api-2.3.1.jar;D:\javaweb\apache-maven-3.6.1-bin\apache-maven-3.6.1\mve_repo\javax\activation\javax.activation-api\1.2.0\javax.activation-api-1.2.0.jar;D:\javaweb\apache-maven-3.6.1-bin\apache-maven-3.6.1\mve_repo\javax\activation\activation\1.1.1\activation-1.1.1.jar;D:\javaweb\apache-maven-3.6.1-bin\apache-maven-3.6.1\mve_repo\org\glassfish\jaxb\jaxb-runtime\2.3.3\jaxb-runtime-2.3.3.jar;D:\javaweb\apache-maven-3.6.1-bin\apache-maven-3.6.1\mve_repo\org\glassfish\jaxb\txw2\2.3.8\txw2-2.3.8.jar;D:\javaweb\apache-maven-3.6.1-bin\apache-maven-3.6.1\mve_repo\com\sun\istack\istack-commons-runtime\3.0.11\istack-commons-runtime-3.0.11.jar;D:\javaweb\apache-maven-3.6.1-bin\apache-maven-3.6.1\mve_repo\com\sun\activation\jakarta.activation\1.2.2\jakarta.activation-1.2.2.jar;D:\javaweb\apache-maven-3.6.1-bin\apache-maven-3.6.1\mve_repo\io\jsonwebtoken\jjwt\0.9.1\jjwt-0.9.1.jar;D:\javaweb\apache-maven-3.6.1-bin\apache-maven-3.6.1\mve_repo\com\fasterxml\jackson\core\jackson-databind\2.13.5\jackson-databind-2.13.5.jar;D:\javaweb\apache-maven-3.6.1-bin\apache-maven-3.6.1\mve_repo\com\fasterxml\jackson\core\jackson-annotations\2.13.5\jackson-annotations-2.13.5.jar;D:\javaweb\apache-maven-3.6.1-bin\apache-maven-3.6.1\mve_repo\com\fasterxml\jackson\core\jackson-core\2.13.5\jackson-core-2.13.5.jar;D:\javaweb\apache-maven-3.6.1-bin\apache-maven-3.6.1\mve_repo\com\alibaba\fastjson\1.2.76\fastjson-1.2.76.jar;D:\javaweb\apache-maven-3.6.1-bin\apache-maven-3.6.1\mve_repo\org\springframework\boot\spring-boot-starter-aop\2.7.10\spring-boot-starter-aop-2.7.10.jar;D:\javaweb\apache-maven-3.6.1-bin\apache-maven-3.6.1\mve_repo\org\springframework\spring-aop\5.3.26\spring-aop-5.3.26.jar;D:\javaweb\apache-maven-3.6.1-bin\apache-maven-3.6.1\mve_repo\org\aspectj\aspectjweaver\1.9.7\aspectjweaver-1.9.7.jar;D:\javaweb\apache-maven-3.6.1-bin\apache-maven-3.6.1\mve_repo\org\springframework\boot\spring-boot-maven-plugin\2.2.6.RELEASE\spring-boot-maven-plugin-2.2.6.RELEASE.jar;D:\javaweb\apache-maven-3.6.1-bin\apache-maven-3.6.1\mve_repo\org\springframework\boot\spring-boot-loader-tools\2.7.10\spring-boot-loader-tools-2.7.10.jar;D:\javaweb\apache-maven-3.6.1-bin\apache-maven-3.6.1\mve_repo\org\apache\commons\commons-compress\1.21\commons-compress-1.21.jar;D:\javaweb\apache-maven-3.6.1-bin\apache-maven-3.6.1\mve_repo\org\apache\maven\maven-archiver\3.4.0\maven-archiver-3.4.0.jar;D:\javaweb\apache-maven-3.6.1-bin\apache-maven-3.6.1\mve_repo\org\apache\maven\shared\maven-shared-utils\3.2.1\maven-shared-utils-3.2.1.jar;D:\javaweb\apache-maven-3.6.1-bin\apache-maven-3.6.1\mve_repo\commons-io\commons-io\2.5\commons-io-2.5.jar;D:\javaweb\apache-maven-3.6.1-bin\apache-maven-3.6.1\mve_repo\org\codehaus\plexus\plexus-interpolation\1.25\plexus-interpolation-1.25.jar;D:\javaweb\apache-maven-3.6.1-bin\apache-maven-3.6.1\mve_repo\org\apache\maven\maven-artifact\3.3.9\maven-artifact-3.3.9.jar;D:\javaweb\apache-maven-3.6.1-bin\apache-maven-3.6.1\mve_repo\org\apache\commons\commons-lang3\3.12.0\commons-lang3-3.12.0.jar;D:\javaweb\apache-maven-3.6.1-bin\apache-maven-3.6.1\mve_repo\org\apache\maven\maven-core\3.3.9\maven-core-3.3.9.jar;D:\javaweb\apache-maven-3.6.1-bin\apache-maven-3.6.1\mve_repo\org\apache\maven\maven-settings-builder\3.3.9\maven-settings-builder-3.3.9.jar;D:\javaweb\apache-maven-3.6.1-bin\apache-maven-3.6.1\mve_repo\org\apache\maven\maven-builder-support\3.3.9\maven-builder-support-3.3.9.jar;D:\javaweb\apache-maven-3.6.1-bin\apache-maven-3.6.1\mve_repo\org\apache\maven\maven-repository-metadata\3.3.9\maven-repository-metadata-3.3.9.jar;D:\javaweb\apache-maven-3.6.1-bin\apache-maven-3.6.1\mve_repo\org\apache\maven\maven-model-builder\3.3.9\maven-model-builder-3.3.9.jar;D:\javaweb\apache-maven-3.6.1-bin\apache-maven-3.6.1\mve_repo\com\google\guava\guava\18.0\guava-18.0.jar;D:\javaweb\apache-maven-3.6.1-bin\apache-maven-3.6.1\mve_repo\org\apache\maven\maven-aether-provider\3.3.9\maven-aether-provider-3.3.9.jar;D:\javaweb\apache-maven-3.6.1-bin\apache-maven-3.6.1\mve_repo\org\eclipse\aether\aether-spi\1.0.2.v20150114\aether-spi-1.0.2.v20150114.jar;D:\javaweb\apache-maven-3.6.1-bin\apache-maven-3.6.1\mve_repo\org\eclipse\aether\aether-impl\1.0.2.v20150114\aether-impl-1.0.2.v20150114.jar;D:\javaweb\apache-maven-3.6.1-bin\apache-maven-3.6.1\mve_repo\org\eclipse\aether\aether-api\1.0.2.v20150114\aether-api-1.0.2.v20150114.jar;D:\javaweb\apache-maven-3.6.1-bin\apache-maven-3.6.1\mve_repo\org\eclipse\aether\aether-util\1.0.2.v20150114\aether-util-1.0.2.v20150114.jar;D:\javaweb\apache-maven-3.6.1-bin\apache-maven-3.6.1\mve_repo\org\eclipse\sisu\org.eclipse.sisu.plexus\0.3.2\org.eclipse.sisu.plexus-0.3.2.jar;D:\javaweb\apache-maven-3.6.1-bin\apache-maven-3.6.1\mve_repo\org\eclipse\sisu\org.eclipse.sisu.inject\0.3.2\org.eclipse.sisu.inject-0.3.2.jar;D:\javaweb\apache-maven-3.6.1-bin\apache-maven-3.6.1\mve_repo\com\google\inject\guice\4.0\guice-4.0-no_aop.jar;D:\javaweb\apache-maven-3.6.1-bin\apache-maven-3.6.1\mve_repo\javax\inject\javax.inject\1\javax.inject-1.jar;D:\javaweb\apache-maven-3.6.1-bin\apache-maven-3.6.1\mve_repo\aopalliance\aopalliance\1.0\aopalliance-1.0.jar;D:\javaweb\apache-maven-3.6.1-bin\apache-maven-3.6.1\mve_repo\org\codehaus\plexus\plexus-classworlds\2.5.2\plexus-classworlds-2.5.2.jar;D:\javaweb\apache-maven-3.6.1-bin\apache-maven-3.6.1\mve_repo\org\codehaus\plexus\plexus-component-annotations\1.6\plexus-component-annotations-1.6.jar;D:\javaweb\apache-maven-3.6.1-bin\apache-maven-3.6.1\mve_repo\org\sonatype\plexus\plexus-sec-dispatcher\1.3\plexus-sec-dispatcher-1.3.jar;D:\javaweb\apache-maven-3.6.1-bin\apache-maven-3.6.1\mve_repo\org\sonatype\plexus\plexus-cipher\1.4\plexus-cipher-1.4.jar;D:\javaweb\apache-maven-3.6.1-bin\apache-maven-3.6.1\mve_repo\org\apache\maven\maven-model\3.3.9\maven-model-3.3.9.jar;D:\javaweb\apache-maven-3.6.1-bin\apache-maven-3.6.1\mve_repo\org\apache\maven\maven-plugin-api\3.3.9\maven-plugin-api-3.3.9.jar;D:\javaweb\apache-maven-3.6.1-bin\apache-maven-3.6.1\mve_repo\org\apache\maven\maven-settings\3.3.9\maven-settings-3.3.9.jar;D:\javaweb\apache-maven-3.6.1-bin\apache-maven-3.6.1\mve_repo\org\apache\maven\shared\maven-common-artifact-filters\3.1.0\maven-common-artifact-filters-3.1.0.jar;D:\javaweb\apache-maven-3.6.1-bin\apache-maven-3.6.1\mve_repo\org\sonatype\sisu\sisu-inject-plexus\1.4.2\sisu-inject-plexus-1.4.2.jar;D:\javaweb\apache-maven-3.6.1-bin\apache-maven-3.6.1\mve_repo\org\sonatype\sisu\sisu-inject-bean\1.4.2\sisu-inject-bean-1.4.2.jar;D:\javaweb\apache-maven-3.6.1-bin\apache-maven-3.6.1\mve_repo\org\sonatype\sisu\sisu-guice\2.1.7\sisu-guice-2.1.7-noaop.jar;D:\javaweb\apache-maven-3.6.1-bin\apache-maven-3.6.1\mve_repo\org\codehaus\plexus\plexus-archiver\3.7.0\plexus-archiver-3.7.0.jar;D:\javaweb\apache-maven-3.6.1-bin\apache-maven-3.6.1\mve_repo\org\codehaus\plexus\plexus-io\3.1.0\plexus-io-3.1.0.jar;D:\javaweb\apache-maven-3.6.1-bin\apache-maven-3.6.1\mve_repo\org\iq80\snappy\snappy\0.4\snappy-0.4.jar;D:\javaweb\apache-maven-3.6.1-bin\apache-maven-3.6.1\mve_repo\org\tukaani\xz\1.8\xz-1.8.jar;D:\javaweb\apache-maven-3.6.1-bin\apache-maven-3.6.1\mve_repo\org\codehaus\plexus\plexus-utils\3.1.0\plexus-utils-3.1.0.jar;D:\javaweb\apache-maven-3.6.1-bin\apache-maven-3.6.1\mve_repo\org\sonatype\plexus\plexus-build-api\0.0.7\plexus-build-api-0.0.7.jar;"/>
    <property name="java.vm.vendor" value="Amazon.com Inc."/>
    <property name="sun.arch.data.model" value="64"/>
    <property name="user.variant" value=""/>
    <property name="java.vendor.url" value="https://aws.amazon.com/corretto/"/>
    <property name="user.timezone" value="Asia/Shanghai"/>
    <property name="java.vm.specification.version" value="11"/>
    <property name="os.name" value="Windows 10"/>
    <property name="sun.java.launcher" value="SUN_STANDARD"/>
    <property name="user.country" value="CN"/>
    <property name="sun.boot.library.path" value="C:\Users\86158\.jdks\corretto-11.0.18\bin"/>
    <property name="sun.java.command" value="C:\Users\86158\AppData\Local\Temp\surefire6680655273940790764\surefirebooter800967658442605703.jar C:\Users\86158\AppData\Local\Temp\surefire6680655273940790764 2023-04-11T19-14-54_093-jvmRun1 surefire9692471051313736949tmp surefire_014038399114051674505tmp"/>
    <property name="jdk.debug" value="release"/>
    <property name="surefire.test.class.path" value="D:\javaweb\资料\day10-SpringBootWeb案例\day10-SpringBootWeb案例\代码\tlias-web-management\01\target\test-classes;D:\javaweb\资料\day10-SpringBootWeb案例\day10-SpringBootWeb案例\代码\tlias-web-management\01\target\classes;D:\javaweb\apache-maven-3.6.1-bin\apache-maven-3.6.1\mve_repo\org\springframework\boot\spring-boot-starter-web\2.7.10\spring-boot-starter-web-2.7.10.jar;D:\javaweb\apache-maven-3.6.1-bin\apache-maven-3.6.1\mve_repo\org\springframework\boot\spring-boot-starter\2.7.10\spring-boot-starter-2.7.10.jar;D:\javaweb\apache-maven-3.6.1-bin\apache-maven-3.6.1\mve_repo\org\springframework\boot\spring-boot\2.7.10\spring-boot-2.7.10.jar;D:\javaweb\apache-maven-3.6.1-bin\apache-maven-3.6.1\mve_repo\org\springframework\boot\spring-boot-autoconfigure\2.7.10\spring-boot-autoconfigure-2.7.10.jar;D:\javaweb\apache-maven-3.6.1-bin\apache-maven-3.6.1\mve_repo\org\springframework\boot\spring-boot-starter-logging\2.7.10\spring-boot-starter-logging-2.7.10.jar;D:\javaweb\apache-maven-3.6.1-bin\apache-maven-3.6.1\mve_repo\ch\qos\logback\logback-classic\1.2.11\logback-classic-1.2.11.jar;D:\javaweb\apache-maven-3.6.1-bin\apache-maven-3.6.1\mve_repo\ch\qos\logback\logback-core\1.2.11\logback-core-1.2.11.jar;D:\javaweb\apache-maven-3.6.1-bin\apache-maven-3.6.1\mve_repo\org\apache\logging\log4j\log4j-to-slf4j\2.17.2\log4j-to-slf4j-2.17.2.jar;D:\javaweb\apache-maven-3.6.1-bin\apache-maven-3.6.1\mve_repo\org\apache\logging\log4j\log4j-api\2.17.2\log4j-api-2.17.2.jar;D:\javaweb\apache-maven-3.6.1-bin\apache-maven-3.6.1\mve_repo\org\slf4j\jul-to-slf4j\1.7.36\jul-to-slf4j-1.7.36.jar;D:\javaweb\apache-maven-3.6.1-bin\apache-maven-3.6.1\mve_repo\jakarta\annotation\jakarta.annotation-api\1.3.5\jakarta.annotation-api-1.3.5.jar;D:\javaweb\apache-maven-3.6.1-bin\apache-maven-3.6.1\mve_repo\org\yaml\snakeyaml\1.30\snakeyaml-1.30.jar;D:\javaweb\apache-maven-3.6.1-bin\apache-maven-3.6.1\mve_repo\org\springframework\boot\spring-boot-starter-json\2.7.10\spring-boot-starter-json-2.7.10.jar;D:\javaweb\apache-maven-3.6.1-bin\apache-maven-3.6.1\mve_repo\com\fasterxml\jackson\datatype\jackson-datatype-jdk8\2.13.5\jackson-datatype-jdk8-2.13.5.jar;D:\javaweb\apache-maven-3.6.1-bin\apache-maven-3.6.1\mve_repo\com\fasterxml\jackson\datatype\jackson-datatype-jsr310\2.13.5\jackson-datatype-jsr310-2.13.5.jar;D:\javaweb\apache-maven-3.6.1-bin\apache-maven-3.6.1\mve_repo\com\fasterxml\jackson\module\jackson-module-parameter-names\2.13.5\jackson-module-parameter-names-2.13.5.jar;D:\javaweb\apache-maven-3.6.1-bin\apache-maven-3.6.1\mve_repo\org\springframework\boot\spring-boot-starter-tomcat\2.7.10\spring-boot-starter-tomcat-2.7.10.jar;D:\javaweb\apache-maven-3.6.1-bin\apache-maven-3.6.1\mve_repo\org\apache\tomcat\embed\tomcat-embed-core\9.0.73\tomcat-embed-core-9.0.73.jar;D:\javaweb\apache-maven-3.6.1-bin\apache-maven-3.6.1\mve_repo\org\apache\tomcat\embed\tomcat-embed-el\9.0.73\tomcat-embed-el-9.0.73.jar;D:\javaweb\apache-maven-3.6.1-bin\apache-maven-3.6.1\mve_repo\org\apache\tomcat\embed\tomcat-embed-websocket\9.0.73\tomcat-embed-websocket-9.0.73.jar;D:\javaweb\apache-maven-3.6.1-bin\apache-maven-3.6.1\mve_repo\org\springframework\spring-web\5.3.26\spring-web-5.3.26.jar;D:\javaweb\apache-maven-3.6.1-bin\apache-maven-3.6.1\mve_repo\org\springframework\spring-beans\5.3.26\spring-beans-5.3.26.jar;D:\javaweb\apache-maven-3.6.1-bin\apache-maven-3.6.1\mve_repo\org\springframework\spring-webmvc\5.3.26\spring-webmvc-5.3.26.jar;D:\javaweb\apache-maven-3.6.1-bin\apache-maven-3.6.1\mve_repo\org\springframework\spring-context\5.3.26\spring-context-5.3.26.jar;D:\javaweb\apache-maven-3.6.1-bin\apache-maven-3.6.1\mve_repo\org\springframework\spring-expression\5.3.26\spring-expression-5.3.26.jar;D:\javaweb\apache-maven-3.6.1-bin\apache-maven-3.6.1\mve_repo\org\mybatis\spring\boot\mybatis-spring-boot-starter\2.3.0\mybatis-spring-boot-starter-2.3.0.jar;D:\javaweb\apache-maven-3.6.1-bin\apache-maven-3.6.1\mve_repo\org\springframework\boot\spring-boot-starter-jdbc\2.7.10\spring-boot-starter-jdbc-2.7.10.jar;D:\javaweb\apache-maven-3.6.1-bin\apache-maven-3.6.1\mve_repo\com\zaxxer\HikariCP\4.0.3\HikariCP-4.0.3.jar;D:\javaweb\apache-maven-3.6.1-bin\apache-maven-3.6.1\mve_repo\org\springframework\spring-jdbc\5.3.26\spring-jdbc-5.3.26.jar;D:\javaweb\apache-maven-3.6.1-bin\apache-maven-3.6.1\mve_repo\org\springframework\spring-tx\5.3.26\spring-tx-5.3.26.jar;D:\javaweb\apache-maven-3.6.1-bin\apache-maven-3.6.1\mve_repo\org\mybatis\spring\boot\mybatis-spring-boot-autoconfigure\2.3.0\mybatis-spring-boot-autoconfigure-2.3.0.jar;D:\javaweb\apache-maven-3.6.1-bin\apache-maven-3.6.1\mve_repo\org\mybatis\mybatis\3.5.11\mybatis-3.5.11.jar;D:\javaweb\apache-maven-3.6.1-bin\apache-maven-3.6.1\mve_repo\org\mybatis\mybatis-spring\2.1.0\mybatis-spring-2.1.0.jar;D:\javaweb\apache-maven-3.6.1-bin\apache-maven-3.6.1\mve_repo\com\mysql\mysql-connector-j\8.0.32\mysql-connector-j-8.0.32.jar;D:\javaweb\apache-maven-3.6.1-bin\apache-maven-3.6.1\mve_repo\org\projectlombok\lombok\1.18.26\lombok-1.18.26.jar;D:\javaweb\apache-maven-3.6.1-bin\apache-maven-3.6.1\mve_repo\org\springframework\boot\spring-boot-starter-test\2.7.10\spring-boot-starter-test-2.7.10.jar;D:\javaweb\apache-maven-3.6.1-bin\apache-maven-3.6.1\mve_repo\org\springframework\boot\spring-boot-test\2.7.10\spring-boot-test-2.7.10.jar;D:\javaweb\apache-maven-3.6.1-bin\apache-maven-3.6.1\mve_repo\org\springframework\boot\spring-boot-test-autoconfigure\2.7.10\spring-boot-test-autoconfigure-2.7.10.jar;D:\javaweb\apache-maven-3.6.1-bin\apache-maven-3.6.1\mve_repo\com\jayway\jsonpath\json-path\2.7.0\json-path-2.7.0.jar;D:\javaweb\apache-maven-3.6.1-bin\apache-maven-3.6.1\mve_repo\net\minidev\json-smart\2.4.10\json-smart-2.4.10.jar;D:\javaweb\apache-maven-3.6.1-bin\apache-maven-3.6.1\mve_repo\net\minidev\accessors-smart\2.4.9\accessors-smart-2.4.9.jar;D:\javaweb\apache-maven-3.6.1-bin\apache-maven-3.6.1\mve_repo\org\ow2\asm\asm\9.3\asm-9.3.jar;D:\javaweb\apache-maven-3.6.1-bin\apache-maven-3.6.1\mve_repo\org\slf4j\slf4j-api\1.7.36\slf4j-api-1.7.36.jar;D:\javaweb\apache-maven-3.6.1-bin\apache-maven-3.6.1\mve_repo\jakarta\xml\bind\jakarta.xml.bind-api\2.3.3\jakarta.xml.bind-api-2.3.3.jar;D:\javaweb\apache-maven-3.6.1-bin\apache-maven-3.6.1\mve_repo\jakarta\activation\jakarta.activation-api\1.2.2\jakarta.activation-api-1.2.2.jar;D:\javaweb\apache-maven-3.6.1-bin\apache-maven-3.6.1\mve_repo\org\assertj\assertj-core\3.22.0\assertj-core-3.22.0.jar;D:\javaweb\apache-maven-3.6.1-bin\apache-maven-3.6.1\mve_repo\org\hamcrest\hamcrest\2.2\hamcrest-2.2.jar;D:\javaweb\apache-maven-3.6.1-bin\apache-maven-3.6.1\mve_repo\org\junit\jupiter\junit-jupiter\5.8.2\junit-jupiter-5.8.2.jar;D:\javaweb\apache-maven-3.6.1-bin\apache-maven-3.6.1\mve_repo\org\junit\jupiter\junit-jupiter-api\5.8.2\junit-jupiter-api-5.8.2.jar;D:\javaweb\apache-maven-3.6.1-bin\apache-maven-3.6.1\mve_repo\org\opentest4j\opentest4j\1.2.0\opentest4j-1.2.0.jar;D:\javaweb\apache-maven-3.6.1-bin\apache-maven-3.6.1\mve_repo\org\junit\platform\junit-platform-commons\1.8.2\junit-platform-commons-1.8.2.jar;D:\javaweb\apache-maven-3.6.1-bin\apache-maven-3.6.1\mve_repo\org\apiguardian\apiguardian-api\1.1.2\apiguardian-api-1.1.2.jar;D:\javaweb\apache-maven-3.6.1-bin\apache-maven-3.6.1\mve_repo\org\junit\jupiter\junit-jupiter-params\5.8.2\junit-jupiter-params-5.8.2.jar;D:\javaweb\apache-maven-3.6.1-bin\apache-maven-3.6.1\mve_repo\org\junit\jupiter\junit-jupiter-engine\5.8.2\junit-jupiter-engine-5.8.2.jar;D:\javaweb\apache-maven-3.6.1-bin\apache-maven-3.6.1\mve_repo\org\junit\platform\junit-platform-engine\1.8.2\junit-platform-engine-1.8.2.jar;D:\javaweb\apache-maven-3.6.1-bin\apache-maven-3.6.1\mve_repo\org\mockito\mockito-core\4.5.1\mockito-core-4.5.1.jar;D:\javaweb\apache-maven-3.6.1-bin\apache-maven-3.6.1\mve_repo\net\bytebuddy\byte-buddy\1.12.23\byte-buddy-1.12.23.jar;D:\javaweb\apache-maven-3.6.1-bin\apache-maven-3.6.1\mve_repo\net\bytebuddy\byte-buddy-agent\1.12.23\byte-buddy-agent-1.12.23.jar;D:\javaweb\apache-maven-3.6.1-bin\apache-maven-3.6.1\mve_repo\org\objenesis\objenesis\3.2\objenesis-3.2.jar;D:\javaweb\apache-maven-3.6.1-bin\apache-maven-3.6.1\mve_repo\org\mockito\mockito-junit-jupiter\4.5.1\mockito-junit-jupiter-4.5.1.jar;D:\javaweb\apache-maven-3.6.1-bin\apache-maven-3.6.1\mve_repo\org\skyscreamer\jsonassert\1.5.1\jsonassert-1.5.1.jar;D:\javaweb\apache-maven-3.6.1-bin\apache-maven-3.6.1\mve_repo\com\vaadin\external\google\android-json\0.0.20131108.vaadin1\android-json-0.0.20131108.vaadin1.jar;D:\javaweb\apache-maven-3.6.1-bin\apache-maven-3.6.1\mve_repo\org\springframework\spring-core\5.3.26\spring-core-5.3.26.jar;D:\javaweb\apache-maven-3.6.1-bin\apache-maven-3.6.1\mve_repo\org\springframework\spring-jcl\5.3.26\spring-jcl-5.3.26.jar;D:\javaweb\apache-maven-3.6.1-bin\apache-maven-3.6.1\mve_repo\org\springframework\spring-test\5.3.26\spring-test-5.3.26.jar;D:\javaweb\apache-maven-3.6.1-bin\apache-maven-3.6.1\mve_repo\org\xmlunit\xmlunit-core\2.9.1\xmlunit-core-2.9.1.jar;D:\javaweb\apache-maven-3.6.1-bin\apache-maven-3.6.1\mve_repo\com\github\pagehelper\pagehelper-spring-boot-starter\1.4.2\pagehelper-spring-boot-starter-1.4.2.jar;D:\javaweb\apache-maven-3.6.1-bin\apache-maven-3.6.1\mve_repo\com\github\pagehelper\pagehelper-spring-boot-autoconfigure\1.4.2\pagehelper-spring-boot-autoconfigure-1.4.2.jar;D:\javaweb\apache-maven-3.6.1-bin\apache-maven-3.6.1\mve_repo\com\github\pagehelper\pagehelper\5.3.0\pagehelper-5.3.0.jar;D:\javaweb\apache-maven-3.6.1-bin\apache-maven-3.6.1\mve_repo\com\github\jsqlparser\jsqlparser\4.2\jsqlparser-4.2.jar;D:\javaweb\apache-maven-3.6.1-bin\apache-maven-3.6.1\mve_repo\com\aliyun\oss\aliyun-sdk-oss\3.15.1\aliyun-sdk-oss-3.15.1.jar;D:\javaweb\apache-maven-3.6.1-bin\apache-maven-3.6.1\mve_repo\org\apache\httpcomponents\httpclient\4.5.14\httpclient-4.5.14.jar;D:\javaweb\apache-maven-3.6.1-bin\apache-maven-3.6.1\mve_repo\org\apache\httpcomponents\httpcore\4.4.16\httpcore-4.4.16.jar;D:\javaweb\apache-maven-3.6.1-bin\apache-maven-3.6.1\mve_repo\commons-codec\commons-codec\1.15\commons-codec-1.15.jar;D:\javaweb\apache-maven-3.6.1-bin\apache-maven-3.6.1\mve_repo\org\jdom\jdom2\2.0.6.1\jdom2-2.0.6.1.jar;D:\javaweb\apache-maven-3.6.1-bin\apache-maven-3.6.1\mve_repo\org\codehaus\jettison\jettison\1.1\jettison-1.1.jar;D:\javaweb\apache-maven-3.6.1-bin\apache-maven-3.6.1\mve_repo\stax\stax-api\1.0.1\stax-api-1.0.1.jar;D:\javaweb\apache-maven-3.6.1-bin\apache-maven-3.6.1\mve_repo\com\aliyun\aliyun-java-sdk-core\4.5.10\aliyun-java-sdk-core-4.5.10.jar;D:\javaweb\apache-maven-3.6.1-bin\apache-maven-3.6.1\mve_repo\com\google\code\gson\gson\2.9.1\gson-2.9.1.jar;D:\javaweb\apache-maven-3.6.1-bin\apache-maven-3.6.1\mve_repo\commons-logging\commons-logging\1.2\commons-logging-1.2.jar;D:\javaweb\apache-maven-3.6.1-bin\apache-maven-3.6.1\mve_repo\org\jacoco\org.jacoco.agent\0.8.5\org.jacoco.agent-0.8.5-runtime.jar;D:\javaweb\apache-maven-3.6.1-bin\apache-maven-3.6.1\mve_repo\org\ini4j\ini4j\0.5.4\ini4j-0.5.4.jar;D:\javaweb\apache-maven-3.6.1-bin\apache-maven-3.6.1\mve_repo\io\opentracing\opentracing-api\0.33.0\opentracing-api-0.33.0.jar;D:\javaweb\apache-maven-3.6.1-bin\apache-maven-3.6.1\mve_repo\io\opentracing\opentracing-util\0.33.0\opentracing-util-0.33.0.jar;D:\javaweb\apache-maven-3.6.1-bin\apache-maven-3.6.1\mve_repo\io\opentracing\opentracing-noop\0.33.0\opentracing-noop-0.33.0.jar;D:\javaweb\apache-maven-3.6.1-bin\apache-maven-3.6.1\mve_repo\com\aliyun\aliyun-java-sdk-ram\3.1.0\aliyun-java-sdk-ram-3.1.0.jar;D:\javaweb\apache-maven-3.6.1-bin\apache-maven-3.6.1\mve_repo\com\aliyun\aliyun-java-sdk-kms\2.11.0\aliyun-java-sdk-kms-2.11.0.jar;D:\javaweb\apache-maven-3.6.1-bin\apache-maven-3.6.1\mve_repo\javax\xml\bind\jaxb-api\2.3.1\jaxb-api-2.3.1.jar;D:\javaweb\apache-maven-3.6.1-bin\apache-maven-3.6.1\mve_repo\javax\activation\javax.activation-api\1.2.0\javax.activation-api-1.2.0.jar;D:\javaweb\apache-maven-3.6.1-bin\apache-maven-3.6.1\mve_repo\javax\activation\activation\1.1.1\activation-1.1.1.jar;D:\javaweb\apache-maven-3.6.1-bin\apache-maven-3.6.1\mve_repo\org\glassfish\jaxb\jaxb-runtime\2.3.3\jaxb-runtime-2.3.3.jar;D:\javaweb\apache-maven-3.6.1-bin\apache-maven-3.6.1\mve_repo\org\glassfish\jaxb\txw2\2.3.8\txw2-2.3.8.jar;D:\javaweb\apache-maven-3.6.1-bin\apache-maven-3.6.1\mve_repo\com\sun\istack\istack-commons-runtime\3.0.11\istack-commons-runtime-3.0.11.jar;D:\javaweb\apache-maven-3.6.1-bin\apache-maven-3.6.1\mve_repo\com\sun\activation\jakarta.activation\1.2.2\jakarta.activation-1.2.2.jar;D:\javaweb\apache-maven-3.6.1-bin\apache-maven-3.6.1\mve_repo\io\jsonwebtoken\jjwt\0.9.1\jjwt-0.9.1.jar;D:\javaweb\apache-maven-3.6.1-bin\apache-maven-3.6.1\mve_repo\com\fasterxml\jackson\core\jackson-databind\2.13.5\jackson-databind-2.13.5.jar;D:\javaweb\apache-maven-3.6.1-bin\apache-maven-3.6.1\mve_repo\com\fasterxml\jackson\core\jackson-annotations\2.13.5\jackson-annotations-2.13.5.jar;D:\javaweb\apache-maven-3.6.1-bin\apache-maven-3.6.1\mve_repo\com\fasterxml\jackson\core\jackson-core\2.13.5\jackson-core-2.13.5.jar;D:\javaweb\apache-maven-3.6.1-bin\apache-maven-3.6.1\mve_repo\com\alibaba\fastjson\1.2.76\fastjson-1.2.76.jar;D:\javaweb\apache-maven-3.6.1-bin\apache-maven-3.6.1\mve_repo\org\springframework\boot\spring-boot-starter-aop\2.7.10\spring-boot-starter-aop-2.7.10.jar;D:\javaweb\apache-maven-3.6.1-bin\apache-maven-3.6.1\mve_repo\org\springframework\spring-aop\5.3.26\spring-aop-5.3.26.jar;D:\javaweb\apache-maven-3.6.1-bin\apache-maven-3.6.1\mve_repo\org\aspectj\aspectjweaver\1.9.7\aspectjweaver-1.9.7.jar;D:\javaweb\apache-maven-3.6.1-bin\apache-maven-3.6.1\mve_repo\org\springframework\boot\spring-boot-maven-plugin\2.2.6.RELEASE\spring-boot-maven-plugin-2.2.6.RELEASE.jar;D:\javaweb\apache-maven-3.6.1-bin\apache-maven-3.6.1\mve_repo\org\springframework\boot\spring-boot-loader-tools\2.7.10\spring-boot-loader-tools-2.7.10.jar;D:\javaweb\apache-maven-3.6.1-bin\apache-maven-3.6.1\mve_repo\org\apache\commons\commons-compress\1.21\commons-compress-1.21.jar;D:\javaweb\apache-maven-3.6.1-bin\apache-maven-3.6.1\mve_repo\org\apache\maven\maven-archiver\3.4.0\maven-archiver-3.4.0.jar;D:\javaweb\apache-maven-3.6.1-bin\apache-maven-3.6.1\mve_repo\org\apache\maven\shared\maven-shared-utils\3.2.1\maven-shared-utils-3.2.1.jar;D:\javaweb\apache-maven-3.6.1-bin\apache-maven-3.6.1\mve_repo\commons-io\commons-io\2.5\commons-io-2.5.jar;D:\javaweb\apache-maven-3.6.1-bin\apache-maven-3.6.1\mve_repo\org\codehaus\plexus\plexus-interpolation\1.25\plexus-interpolation-1.25.jar;D:\javaweb\apache-maven-3.6.1-bin\apache-maven-3.6.1\mve_repo\org\apache\maven\maven-artifact\3.3.9\maven-artifact-3.3.9.jar;D:\javaweb\apache-maven-3.6.1-bin\apache-maven-3.6.1\mve_repo\org\apache\commons\commons-lang3\3.12.0\commons-lang3-3.12.0.jar;D:\javaweb\apache-maven-3.6.1-bin\apache-maven-3.6.1\mve_repo\org\apache\maven\maven-core\3.3.9\maven-core-3.3.9.jar;D:\javaweb\apache-maven-3.6.1-bin\apache-maven-3.6.1\mve_repo\org\apache\maven\maven-settings-builder\3.3.9\maven-settings-builder-3.3.9.jar;D:\javaweb\apache-maven-3.6.1-bin\apache-maven-3.6.1\mve_repo\org\apache\maven\maven-builder-support\3.3.9\maven-builder-support-3.3.9.jar;D:\javaweb\apache-maven-3.6.1-bin\apache-maven-3.6.1\mve_repo\org\apache\maven\maven-repository-metadata\3.3.9\maven-repository-metadata-3.3.9.jar;D:\javaweb\apache-maven-3.6.1-bin\apache-maven-3.6.1\mve_repo\org\apache\maven\maven-model-builder\3.3.9\maven-model-builder-3.3.9.jar;D:\javaweb\apache-maven-3.6.1-bin\apache-maven-3.6.1\mve_repo\com\google\guava\guava\18.0\guava-18.0.jar;D:\javaweb\apache-maven-3.6.1-bin\apache-maven-3.6.1\mve_repo\org\apache\maven\maven-aether-provider\3.3.9\maven-aether-provider-3.3.9.jar;D:\javaweb\apache-maven-3.6.1-bin\apache-maven-3.6.1\mve_repo\org\eclipse\aether\aether-spi\1.0.2.v20150114\aether-spi-1.0.2.v20150114.jar;D:\javaweb\apache-maven-3.6.1-bin\apache-maven-3.6.1\mve_repo\org\eclipse\aether\aether-impl\1.0.2.v20150114\aether-impl-1.0.2.v20150114.jar;D:\javaweb\apache-maven-3.6.1-bin\apache-maven-3.6.1\mve_repo\org\eclipse\aether\aether-api\1.0.2.v20150114\aether-api-1.0.2.v20150114.jar;D:\javaweb\apache-maven-3.6.1-bin\apache-maven-3.6.1\mve_repo\org\eclipse\aether\aether-util\1.0.2.v20150114\aether-util-1.0.2.v20150114.jar;D:\javaweb\apache-maven-3.6.1-bin\apache-maven-3.6.1\mve_repo\org\eclipse\sisu\org.eclipse.sisu.plexus\0.3.2\org.eclipse.sisu.plexus-0.3.2.jar;D:\javaweb\apache-maven-3.6.1-bin\apache-maven-3.6.1\mve_repo\org\eclipse\sisu\org.eclipse.sisu.inject\0.3.2\org.eclipse.sisu.inject-0.3.2.jar;D:\javaweb\apache-maven-3.6.1-bin\apache-maven-3.6.1\mve_repo\com\google\inject\guice\4.0\guice-4.0-no_aop.jar;D:\javaweb\apache-maven-3.6.1-bin\apache-maven-3.6.1\mve_repo\javax\inject\javax.inject\1\javax.inject-1.jar;D:\javaweb\apache-maven-3.6.1-bin\apache-maven-3.6.1\mve_repo\aopalliance\aopalliance\1.0\aopalliance-1.0.jar;D:\javaweb\apache-maven-3.6.1-bin\apache-maven-3.6.1\mve_repo\org\codehaus\plexus\plexus-classworlds\2.5.2\plexus-classworlds-2.5.2.jar;D:\javaweb\apache-maven-3.6.1-bin\apache-maven-3.6.1\mve_repo\org\codehaus\plexus\plexus-component-annotations\1.6\plexus-component-annotations-1.6.jar;D:\javaweb\apache-maven-3.6.1-bin\apache-maven-3.6.1\mve_repo\org\sonatype\plexus\plexus-sec-dispatcher\1.3\plexus-sec-dispatcher-1.3.jar;D:\javaweb\apache-maven-3.6.1-bin\apache-maven-3.6.1\mve_repo\org\sonatype\plexus\plexus-cipher\1.4\plexus-cipher-1.4.jar;D:\javaweb\apache-maven-3.6.1-bin\apache-maven-3.6.1\mve_repo\org\apache\maven\maven-model\3.3.9\maven-model-3.3.9.jar;D:\javaweb\apache-maven-3.6.1-bin\apache-maven-3.6.1\mve_repo\org\apache\maven\maven-plugin-api\3.3.9\maven-plugin-api-3.3.9.jar;D:\javaweb\apache-maven-3.6.1-bin\apache-maven-3.6.1\mve_repo\org\apache\maven\maven-settings\3.3.9\maven-settings-3.3.9.jar;D:\javaweb\apache-maven-3.6.1-bin\apache-maven-3.6.1\mve_repo\org\apache\maven\shared\maven-common-artifact-filters\3.1.0\maven-common-artifact-filters-3.1.0.jar;D:\javaweb\apache-maven-3.6.1-bin\apache-maven-3.6.1\mve_repo\org\sonatype\sisu\sisu-inject-plexus\1.4.2\sisu-inject-plexus-1.4.2.jar;D:\javaweb\apache-maven-3.6.1-bin\apache-maven-3.6.1\mve_repo\org\sonatype\sisu\sisu-inject-bean\1.4.2\sisu-inject-bean-1.4.2.jar;D:\javaweb\apache-maven-3.6.1-bin\apache-maven-3.6.1\mve_repo\org\sonatype\sisu\sisu-guice\2.1.7\sisu-guice-2.1.7-noaop.jar;D:\javaweb\apache-maven-3.6.1-bin\apache-maven-3.6.1\mve_repo\org\codehaus\plexus\plexus-archiver\3.7.0\plexus-archiver-3.7.0.jar;D:\javaweb\apache-maven-3.6.1-bin\apache-maven-3.6.1\mve_repo\org\codehaus\plexus\plexus-io\3.1.0\plexus-io-3.1.0.jar;D:\javaweb\apache-maven-3.6.1-bin\apache-maven-3.6.1\mve_repo\org\iq80\snappy\snappy\0.4\snappy-0.4.jar;D:\javaweb\apache-maven-3.6.1-bin\apache-maven-3.6.1\mve_repo\org\tukaani\xz\1.8\xz-1.8.jar;D:\javaweb\apache-maven-3.6.1-bin\apache-maven-3.6.1\mve_repo\org\codehaus\plexus\plexus-utils\3.1.0\plexus-utils-3.1.0.jar;D:\javaweb\apache-maven-3.6.1-bin\apache-maven-3.6.1\mve_repo\org\sonatype\plexus\plexus-build-api\0.0.7\plexus-build-api-0.0.7.jar;"/>
    <property name="sun.cpu.endian" value="little"/>
    <property name="user.home" value="C:\Users\86158"/>
    <property name="user.language" value="zh"/>
    <property name="java.specification.vendor" value="Oracle Corporation"/>
    <property name="java.version.date" value="2023-01-17"/>
    <property name="java.home" value="C:\Users\86158\.jdks\corretto-11.0.18"/>
    <property name="file.separator" value="\"/>
    <property name="basedir" value="D:\javaweb\资料\day10-SpringBootWeb案例\day10-SpringBootWeb案例\代码\tlias-web-management\01"/>
    <property name="java.vm.compressedOopsMode" value="Zero based"/>
    <property name="line.separator" value="&#10;"/>
    <property name="java.specification.name" value="Java Platform API Specification"/>
    <property name="java.vm.specification.vendor" value="Oracle Corporation"/>
    <property name="java.awt.graphicsenv" value="sun.awt.Win32GraphicsEnvironment"/>
    <property name="surefire.real.class.path" value="C:\Users\86158\AppData\Local\Temp\surefire6680655273940790764\surefirebooter800967658442605703.jar"/>
    <property name="user.script" value=""/>
    <property name="sun.management.compiler" value="HotSpot 64-Bit Tiered Compilers"/>
    <property name="java.runtime.version" value="11.0.18+10-LTS"/>
    <property name="user.name" value="86158"/>
    <property name="path.separator" value=";"/>
    <property name="os.version" value="10.0"/>
    <property name="java.runtime.name" value="OpenJDK Runtime Environment"/>
    <property name="file.encoding" value="GBK"/>
    <property name="java.vm.name" value="OpenJDK 64-Bit Server VM"/>
    <property name="java.vendor.version" value="Corretto-11.0.18.10.1"/>
    <property name="localRepository" value="D:\javaweb\apache-maven-3.6.1-bin\apache-maven-3.6.1\mve_repo"/>
    <property name="java.vendor.url.bug" value="https://github.com/corretto/corretto-11/issues/"/>
    <property name="java.io.tmpdir" value="C:\Users\86158\AppData\Local\Temp\"/>
    <property name="idea.version" value="2021.1.1"/>
    <property name="java.version" value="11.0.18"/>
    <property name="user.dir" value="D:\javaweb\资料\day10-SpringBootWeb案例\day10-SpringBootWeb案例\代码\tlias-web-management\01"/>
    <property name="os.arch" value="amd64"/>
    <property name="java.vm.specification.name" value="Java Virtual Machine Specification"/>
    <property name="java.awt.printerjob" value="sun.awt.windows.WPrinterJob"/>
    <property name="sun.os.patch.level" value=""/>
    <property name="java.library.path" value="C:\Users\86158\.jdks\corretto-11.0.18\bin;C:\Windows\Sun\Java\bin;C:\Windows\system32;C:\Windows;C:\Program Files\Eclipse Adoptium\jdk-17.0.4.101-hotspot\bin;C:\Program Files\Python310\Scripts\;C:\Program Files\Python310\;C:\Windows\system32;C:\Windows;C:\Windows\System32\Wbem;C:\Windows\System32\WindowsPowerShell\v1.0\;C:\Windows\System32\OpenSSH\;C:\Program Files (x86)\NVIDIA Corporation\PhysX\Common;C:\Program Files\NVIDIA Corporation\NVIDIA NvDLISR;C:\Program Files\nodejs\;D:\javaweb\apache-maven-3.6.1-bin\apache-maven-3.6.1\bin;C:\Users\86158\AppData\Local\Microsoft\WindowsApps;C:\Program Files (x86)\Tencent\QQGameTempest\Hall.57734\;D:\ProgramData\MySQL\MySQL Server 8.0\bin;;C:\Program Files\JetBrains\DataGrip 2022.2.2\bin;;C:\Users\86158\AppData\Local\Programs\Microsoft VS Code\bin;C:\Users\86158\AppData\Roaming\npm;."/>
    <property name="java.vm.info" value="mixed mode"/>
    <property name="java.vendor" value="Amazon.com Inc."/>
    <property name="java.vm.version" value="11.0.18+10-LTS"/>
    <property name="sun.io.unicode.encoding" value="UnicodeLittle"/>
    <property name="java.class.version" value="55.0"/>
  </properties>
  <testcase name="contextLoads" classname="com.example.tiliaswebmanagement.TiliasWebManagementApplicationTests" time="0.436"/>
  <testcase name="testGenJwt" classname="com.example.tiliaswebmanagement.TiliasWebManagementApplicationTests" time="0.591"/>
  <testcase name="testparseJwt" classname="com.example.tiliaswebmanagement.TiliasWebManagementApplicationTests" time="0.048">
    <error message="JWT expired at 2023-04-10T14:32:29Z. Current time: 2023-04-11T19:14:59Z, a difference of 103350454 milliseconds.  Allowed clock skew: 0 milliseconds." type="io.jsonwebtoken.ExpiredJwtException">io.jsonwebtoken.ExpiredJwtException: JWT expired at 2023-04-10T14:32:29Z. Current time: 2023-04-11T19:14:59Z, a difference of 103350454 milliseconds.  Allowed clock skew: 0 milliseconds.
	at com.example.tiliaswebmanagement.TiliasWebManagementApplicationTests.testparseJwt(TiliasWebManagementApplicationTests.java:38)
</error>
  </testcase>
</testsuite>